<?xml version="1.0" encoding="UTF-8"?>
<testng-results ignored="0" total="1" passed="1" failed="0" skipped="0">
  <reporter-output>
  </reporter-output>
  <suite started-at="2023-08-12T11:41:02 CST" name="Default suite" finished-at="2023-08-12T11:41:05 CST" duration-ms="3209">
    <groups>
    </groups>
    <test started-at="2023-08-12T11:41:02 CST" name="Default test" finished-at="2023-08-12T11:41:05 CST" duration-ms="3209">
      <class name="loginTestCases.TC_02_ErrorLock">
        <test-method is-config="true" signature="startWebDriver()[pri:0, instance:loginTestCases.TC_02_ErrorLock@6441c486]" started-at="2023-08-12T11:41:02 CST" name="startWebDriver" finished-at="2023-08-12T11:41:02 CST" duration-ms="517" status="PASS">
          <reporter-output>
          </reporter-output>
        </test-method> <!-- startWebDriver -->
        <test-method signature="TC_02()[pri:0, instance:loginTestCases.TC_02_ErrorLock@6441c486]" started-at="2023-08-12T11:41:03 CST" name="TC_02" finished-at="2023-08-12T11:41:05 CST" duration-ms="2481" status="PASS">
          <reporter-output>
          </reporter-output>
        </test-method> <!-- TC_02 -->
        <test-method is-config="true" signature="closeDriver()[pri:0, instance:loginTestCases.TC_02_ErrorLock@6441c486]" started-at="2023-08-12T11:41:05 CST" name="closeDriver" finished-at="2023-08-12T11:41:05 CST" duration-ms="127" status="PASS">
          <reporter-output>
          </reporter-output>
        </test-method> <!-- closeDriver -->
      </class> <!-- loginTestCases.TC_02_ErrorLock -->
    </test> <!-- Default test -->
  </suite> <!-- Default suite -->
</testng-results>
